CRITICAL - 2026-04-29 07:39:43 --> Invalid file: "v_view_map.php"
in SYSTEMPATH\Exceptions\FrameworkException.php on line 33.
 1 SYSTEMPATH\View\View.php(201): CodeIgniter\Exceptions\FrameworkException::forInvalidFile('v_view_map.php')
 2 SYSTEMPATH\Common.php(1184): CodeIgniter\View\View->render('v_view_map', [], true)
 3 APPPATH\Views\v_template.php(99): view('v_view_map')
 4 SYSTEMPATH\View\View.php(213): include('APPPATH\\Views\\v_template.php')
 5 SYSTEMPATH\View\View.php(216): CodeIgniter\View\View->CodeIgniter\View\{closure}()
 6 SYSTEMPATH\Common.php(1184): CodeIgniter\View\View->render('v_template', [], true)
 7 APPPATH\Controllers\Home.php(22): view('v_template', [...])
 8 SYSTEMPATH\CodeIgniter.php(934): App\Controllers\Home->view_map()
 9 SYSTEMPATH\CodeIgniter.php(499): CodeIgniter\CodeIgniter->runController(Object(App\Controllers\Home))
10 SYSTEMPATH\CodeIgniter.php(368): CodeIgniter\CodeIgniter->handleRequest(null, Object(Config\Cache), false)
11 FCPATH\index.php(67): CodeIgniter\CodeIgniter->run()
CRITICAL - 2026-04-29 07:41:08 --> Invalid file: "v_view_map.php"
in SYSTEMPATH\Exceptions\FrameworkException.php on line 33.
 1 SYSTEMPATH\View\View.php(201): CodeIgniter\Exceptions\FrameworkException::forInvalidFile('v_view_map.php')
 2 SYSTEMPATH\Common.php(1184): CodeIgniter\View\View->render('v_view_map', [], true)
 3 APPPATH\Views\v_template.php(99): view('v_view_map')
 4 SYSTEMPATH\View\View.php(213): include('APPPATH\\Views\\v_template.php')
 5 SYSTEMPATH\View\View.php(216): CodeIgniter\View\View->CodeIgniter\View\{closure}()
 6 SYSTEMPATH\Common.php(1184): CodeIgniter\View\View->render('v_template', [], true)
 7 APPPATH\Controllers\Home.php(22): view('v_template', [...])
 8 SYSTEMPATH\CodeIgniter.php(934): App\Controllers\Home->view_map()
 9 SYSTEMPATH\CodeIgniter.php(499): CodeIgniter\CodeIgniter->runController(Object(App\Controllers\Home))
10 SYSTEMPATH\CodeIgniter.php(368): CodeIgniter\CodeIgniter->handleRequest(null, Object(Config\Cache), false)
11 FCPATH\index.php(67): CodeIgniter\CodeIgniter->run()
CRITICAL - 2026-04-29 07:41:42 --> Invalid file: "v_view_map.php"
in SYSTEMPATH\Exceptions\FrameworkException.php on line 33.
 1 SYSTEMPATH\View\View.php(201): CodeIgniter\Exceptions\FrameworkException::forInvalidFile('v_view_map.php')
 2 SYSTEMPATH\Common.php(1184): CodeIgniter\View\View->render('v_view_map', [], true)
 3 APPPATH\Views\v_template.php(99): view('v_view_map')
 4 SYSTEMPATH\View\View.php(213): include('APPPATH\\Views\\v_template.php')
 5 SYSTEMPATH\View\View.php(216): CodeIgniter\View\View->CodeIgniter\View\{closure}()
 6 SYSTEMPATH\Common.php(1184): CodeIgniter\View\View->render('v_template', [], true)
 7 APPPATH\Controllers\Home.php(22): view('v_template', [...])
 8 SYSTEMPATH\CodeIgniter.php(934): App\Controllers\Home->view_map()
 9 SYSTEMPATH\CodeIgniter.php(499): CodeIgniter\CodeIgniter->runController(Object(App\Controllers\Home))
10 SYSTEMPATH\CodeIgniter.php(368): CodeIgniter\CodeIgniter->handleRequest(null, Object(Config\Cache), false)
11 FCPATH\index.php(67): CodeIgniter\CodeIgniter->run()
CRITICAL - 2026-04-29 07:41:44 --> Invalid file: "v_view_map.php"
in SYSTEMPATH\Exceptions\FrameworkException.php on line 33.
 1 SYSTEMPATH\View\View.php(201): CodeIgniter\Exceptions\FrameworkException::forInvalidFile('v_view_map.php')
 2 SYSTEMPATH\Common.php(1184): CodeIgniter\View\View->render('v_view_map', [], true)
 3 APPPATH\Views\v_template.php(99): view('v_view_map')
 4 SYSTEMPATH\View\View.php(213): include('APPPATH\\Views\\v_template.php')
 5 SYSTEMPATH\View\View.php(216): CodeIgniter\View\View->CodeIgniter\View\{closure}()
 6 SYSTEMPATH\Common.php(1184): CodeIgniter\View\View->render('v_template', [], true)
 7 APPPATH\Controllers\Home.php(22): view('v_template', [...])
 8 SYSTEMPATH\CodeIgniter.php(934): App\Controllers\Home->view_map()
 9 SYSTEMPATH\CodeIgniter.php(499): CodeIgniter\CodeIgniter->runController(Object(App\Controllers\Home))
10 SYSTEMPATH\CodeIgniter.php(368): CodeIgniter\CodeIgniter->handleRequest(null, Object(Config\Cache), false)
11 FCPATH\index.php(67): CodeIgniter\CodeIgniter->run()
CRITICAL - 2026-04-29 07:44:17 --> Invalid file: "v_view_map.php"
in SYSTEMPATH\Exceptions\FrameworkException.php on line 33.
 1 SYSTEMPATH\View\View.php(201): CodeIgniter\Exceptions\FrameworkException::forInvalidFile('v_view_map.php')
 2 SYSTEMPATH\Common.php(1184): CodeIgniter\View\View->render('v_view_map', [], true)
 3 APPPATH\Views\v_template.php(99): view('v_view_map')
 4 SYSTEMPATH\View\View.php(213): include('APPPATH\\Views\\v_template.php')
 5 SYSTEMPATH\View\View.php(216): CodeIgniter\View\View->CodeIgniter\View\{closure}()
 6 SYSTEMPATH\Common.php(1184): CodeIgniter\View\View->render('v_template', [], true)
 7 APPPATH\Controllers\Home.php(22): view('v_template', [...])
 8 SYSTEMPATH\CodeIgniter.php(934): App\Controllers\Home->view_map()
 9 SYSTEMPATH\CodeIgniter.php(499): CodeIgniter\CodeIgniter->runController(Object(App\Controllers\Home))
10 SYSTEMPATH\CodeIgniter.php(368): CodeIgniter\CodeIgniter->handleRequest(null, Object(Config\Cache), false)
11 FCPATH\index.php(67): CodeIgniter\CodeIgniter->run()
CRITICAL - 2026-04-29 07:45:23 --> Invalid file: "v_view_map.php"
in SYSTEMPATH\Exceptions\FrameworkException.php on line 33.
 1 SYSTEMPATH\View\View.php(201): CodeIgniter\Exceptions\FrameworkException::forInvalidFile('v_view_map.php')
 2 SYSTEMPATH\Common.php(1184): CodeIgniter\View\View->render('v_view_map', [], true)
 3 APPPATH\Views\v_template.php(99): view('v_view_map')
 4 SYSTEMPATH\View\View.php(213): include('APPPATH\\Views\\v_template.php')
 5 SYSTEMPATH\View\View.php(216): CodeIgniter\View\View->CodeIgniter\View\{closure}()
 6 SYSTEMPATH\Common.php(1184): CodeIgniter\View\View->render('v_template', [], true)
 7 APPPATH\Controllers\Home.php(22): view('v_template', [...])
 8 SYSTEMPATH\CodeIgniter.php(934): App\Controllers\Home->view_map()
 9 SYSTEMPATH\CodeIgniter.php(499): CodeIgniter\CodeIgniter->runController(Object(App\Controllers\Home))
10 SYSTEMPATH\CodeIgniter.php(368): CodeIgniter\CodeIgniter->handleRequest(null, Object(Config\Cache), false)
11 FCPATH\index.php(67): CodeIgniter\CodeIgniter->run()
CRITICAL - 2026-04-29 07:45:25 --> Invalid file: "v_view_map.php"
in SYSTEMPATH\Exceptions\FrameworkException.php on line 33.
 1 SYSTEMPATH\View\View.php(201): CodeIgniter\Exceptions\FrameworkException::forInvalidFile('v_view_map.php')
 2 SYSTEMPATH\Common.php(1184): CodeIgniter\View\View->render('v_view_map', [], true)
 3 APPPATH\Views\v_template.php(99): view('v_view_map')
 4 SYSTEMPATH\View\View.php(213): include('APPPATH\\Views\\v_template.php')
 5 SYSTEMPATH\View\View.php(216): CodeIgniter\View\View->CodeIgniter\View\{closure}()
 6 SYSTEMPATH\Common.php(1184): CodeIgniter\View\View->render('v_template', [], true)
 7 APPPATH\Controllers\Home.php(22): view('v_template', [...])
 8 SYSTEMPATH\CodeIgniter.php(934): App\Controllers\Home->view_map()
 9 SYSTEMPATH\CodeIgniter.php(499): CodeIgniter\CodeIgniter->runController(Object(App\Controllers\Home))
10 SYSTEMPATH\CodeIgniter.php(368): CodeIgniter\CodeIgniter->handleRequest(null, Object(Config\Cache), false)
11 FCPATH\index.php(67): CodeIgniter\CodeIgniter->run()
CRITICAL - 2026-04-29 07:48:02 --> Invalid file: "v_base_map.php"
in SYSTEMPATH\Exceptions\FrameworkException.php on line 33.
 1 SYSTEMPATH\View\View.php(201): CodeIgniter\Exceptions\FrameworkException::forInvalidFile('v_base_map.php')
 2 SYSTEMPATH\Common.php(1184): CodeIgniter\View\View->render('v_base_map', [], true)
 3 APPPATH\Views\v_template.php(99): view('v_base_map')
 4 SYSTEMPATH\View\View.php(213): include('APPPATH\\Views\\v_template.php')
 5 SYSTEMPATH\View\View.php(216): CodeIgniter\View\View->CodeIgniter\View\{closure}()
 6 SYSTEMPATH\Common.php(1184): CodeIgniter\View\View->render('v_template', [], true)
 7 APPPATH\Controllers\Home.php(31): view('v_template', [...])
 8 SYSTEMPATH\CodeIgniter.php(934): App\Controllers\Home->base_map()
 9 SYSTEMPATH\CodeIgniter.php(499): CodeIgniter\CodeIgniter->runController(Object(App\Controllers\Home))
10 SYSTEMPATH\CodeIgniter.php(368): CodeIgniter\CodeIgniter->handleRequest(null, Object(Config\Cache), false)
11 FCPATH\index.php(67): CodeIgniter\CodeIgniter->run()
CRITICAL - 2026-04-29 07:48:14 --> Invalid file: "v_base_map.php"
in SYSTEMPATH\Exceptions\FrameworkException.php on line 33.
 1 SYSTEMPATH\View\View.php(201): CodeIgniter\Exceptions\FrameworkException::forInvalidFile('v_base_map.php')
 2 SYSTEMPATH\Common.php(1184): CodeIgniter\View\View->render('v_base_map', [], true)
 3 APPPATH\Views\v_template.php(99): view('v_base_map')
 4 SYSTEMPATH\View\View.php(213): include('APPPATH\\Views\\v_template.php')
 5 SYSTEMPATH\View\View.php(216): CodeIgniter\View\View->CodeIgniter\View\{closure}()
 6 SYSTEMPATH\Common.php(1184): CodeIgniter\View\View->render('v_template', [], true)
 7 APPPATH\Controllers\Home.php(31): view('v_template', [...])
 8 SYSTEMPATH\CodeIgniter.php(934): App\Controllers\Home->base_map()
 9 SYSTEMPATH\CodeIgniter.php(499): CodeIgniter\CodeIgniter->runController(Object(App\Controllers\Home))
10 SYSTEMPATH\CodeIgniter.php(368): CodeIgniter\CodeIgniter->handleRequest(null, Object(Config\Cache), false)
11 FCPATH\index.php(67): CodeIgniter\CodeIgniter->run()
CRITICAL - 2026-04-29 07:48:17 --> Invalid file: "v_view_map.php"
in SYSTEMPATH\Exceptions\FrameworkException.php on line 33.
 1 SYSTEMPATH\View\View.php(201): CodeIgniter\Exceptions\FrameworkException::forInvalidFile('v_view_map.php')
 2 SYSTEMPATH\Common.php(1184): CodeIgniter\View\View->render('v_view_map', [], true)
 3 APPPATH\Views\v_template.php(99): view('v_view_map')
 4 SYSTEMPATH\View\View.php(213): include('APPPATH\\Views\\v_template.php')
 5 SYSTEMPATH\View\View.php(216): CodeIgniter\View\View->CodeIgniter\View\{closure}()
 6 SYSTEMPATH\Common.php(1184): CodeIgniter\View\View->render('v_template', [], true)
 7 APPPATH\Controllers\Home.php(22): view('v_template', [...])
 8 SYSTEMPATH\CodeIgniter.php(934): App\Controllers\Home->view_map()
 9 SYSTEMPATH\CodeIgniter.php(499): CodeIgniter\CodeIgniter->runController(Object(App\Controllers\Home))
10 SYSTEMPATH\CodeIgniter.php(368): CodeIgniter\CodeIgniter->handleRequest(null, Object(Config\Cache), false)
11 FCPATH\index.php(67): CodeIgniter\CodeIgniter->run()
CRITICAL - 2026-04-29 07:48:25 --> Invalid file: "v_view_map.php"
in SYSTEMPATH\Exceptions\FrameworkException.php on line 33.
 1 SYSTEMPATH\View\View.php(201): CodeIgniter\Exceptions\FrameworkException::forInvalidFile('v_view_map.php')
 2 SYSTEMPATH\Common.php(1184): CodeIgniter\View\View->render('v_view_map', [], true)
 3 APPPATH\Views\v_template.php(99): view('v_view_map')
 4 SYSTEMPATH\View\View.php(213): include('APPPATH\\Views\\v_template.php')
 5 SYSTEMPATH\View\View.php(216): CodeIgniter\View\View->CodeIgniter\View\{closure}()
 6 SYSTEMPATH\Common.php(1184): CodeIgniter\View\View->render('v_template', [], true)
 7 APPPATH\Controllers\Home.php(22): view('v_template', [...])
 8 SYSTEMPATH\CodeIgniter.php(934): App\Controllers\Home->view_map()
 9 SYSTEMPATH\CodeIgniter.php(499): CodeIgniter\CodeIgniter->runController(Object(App\Controllers\Home))
10 SYSTEMPATH\CodeIgniter.php(368): CodeIgniter\CodeIgniter->handleRequest(null, Object(Config\Cache), false)
11 FCPATH\index.php(67): CodeIgniter\CodeIgniter->run()
