CRITICAL - 2026-05-19 07:27:58 --> Call to undefined function form_open_multipart()
in APPPATH\Views\lokasi\v_input_lokasi.php on line 7.
 1 SYSTEMPATH\View\View.php(213): include()
 2 SYSTEMPATH\View\View.php(216): CodeIgniter\View\View->CodeIgniter\View\{closure}()
 3 SYSTEMPATH\Common.php(1184): CodeIgniter\View\View->render('lokasi/v_input_lokasi', [], true)
 4 APPPATH\Views\v_template.php(153): view('lokasi/v_input_lokasi')
 5 SYSTEMPATH\View\View.php(213): include('APPPATH\\Views\\v_template.php')
 6 SYSTEMPATH\View\View.php(216): CodeIgniter\View\View->CodeIgniter\View\{closure}()
 7 SYSTEMPATH\Common.php(1184): CodeIgniter\View\View->render('V_template', [], true)
 8 APPPATH\Controllers\lokasi.php(22): view('V_template', [...])
 9 SYSTEMPATH\CodeIgniter.php(934): App\Controllers\lokasi->inputLokasi()
10 SYSTEMPATH\CodeIgniter.php(499): CodeIgniter\CodeIgniter->runController(Object(App\Controllers\lokasi))
11 SYSTEMPATH\CodeIgniter.php(368): CodeIgniter\CodeIgniter->handleRequest(null, Object(Config\Cache), false)
12 FCPATH\index.php(67): CodeIgniter\CodeIgniter->run()
CRITICAL - 2026-05-19 07:28:40 --> Call to undefined function form_open_multipart()
in APPPATH\Views\lokasi\v_input_lokasi.php on line 8.
 1 SYSTEMPATH\View\View.php(213): include()
 2 SYSTEMPATH\View\View.php(216): CodeIgniter\View\View->CodeIgniter\View\{closure}()
 3 SYSTEMPATH\Common.php(1184): CodeIgniter\View\View->render('lokasi/v_input_lokasi', [], true)
 4 APPPATH\Views\v_template.php(153): view('lokasi/v_input_lokasi')
 5 SYSTEMPATH\View\View.php(213): include('APPPATH\\Views\\v_template.php')
 6 SYSTEMPATH\View\View.php(216): CodeIgniter\View\View->CodeIgniter\View\{closure}()
 7 SYSTEMPATH\Common.php(1184): CodeIgniter\View\View->render('V_template', [], true)
 8 APPPATH\Controllers\lokasi.php(22): view('V_template', [...])
 9 SYSTEMPATH\CodeIgniter.php(934): App\Controllers\lokasi->inputLokasi()
10 SYSTEMPATH\CodeIgniter.php(499): CodeIgniter\CodeIgniter->runController(Object(App\Controllers\lokasi))
11 SYSTEMPATH\CodeIgniter.php(368): CodeIgniter\CodeIgniter->handleRequest(null, Object(Config\Cache), false)
12 FCPATH\index.php(67): CodeIgniter\CodeIgniter->run()
CRITICAL - 2026-05-19 07:33:53 --> Call to undefined function form_open_multipart()
in APPPATH\Views\lokasi\v_input_lokasi.php on line 8.
 1 SYSTEMPATH\View\View.php(213): include()
 2 SYSTEMPATH\View\View.php(216): CodeIgniter\View\View->CodeIgniter\View\{closure}()
 3 SYSTEMPATH\Common.php(1184): CodeIgniter\View\View->render('lokasi/v_input_lokasi', [], true)
 4 APPPATH\Views\v_template.php(153): view('lokasi/v_input_lokasi')
 5 SYSTEMPATH\View\View.php(213): include('APPPATH\\Views\\v_template.php')
 6 SYSTEMPATH\View\View.php(216): CodeIgniter\View\View->CodeIgniter\View\{closure}()
 7 SYSTEMPATH\Common.php(1184): CodeIgniter\View\View->render('V_template', [], true)
 8 APPPATH\Controllers\lokasi.php(22): view('V_template', [...])
 9 SYSTEMPATH\CodeIgniter.php(934): App\Controllers\lokasi->inputLokasi()
10 SYSTEMPATH\CodeIgniter.php(499): CodeIgniter\CodeIgniter->runController(Object(App\Controllers\lokasi))
11 SYSTEMPATH\CodeIgniter.php(368): CodeIgniter\CodeIgniter->handleRequest(null, Object(Config\Cache), false)
12 FCPATH\index.php(67): CodeIgniter\CodeIgniter->run()
CRITICAL - 2026-05-19 07:33:53 --> Call to undefined function form_open_multipart()
in APPPATH\Views\lokasi\v_input_lokasi.php on line 8.
 1 SYSTEMPATH\View\View.php(213): include()
 2 SYSTEMPATH\View\View.php(216): CodeIgniter\View\View->CodeIgniter\View\{closure}()
 3 SYSTEMPATH\Common.php(1184): CodeIgniter\View\View->render('lokasi/v_input_lokasi', [], true)
 4 APPPATH\Views\v_template.php(153): view('lokasi/v_input_lokasi')
 5 SYSTEMPATH\View\View.php(213): include('APPPATH\\Views\\v_template.php')
 6 SYSTEMPATH\View\View.php(216): CodeIgniter\View\View->CodeIgniter\View\{closure}()
 7 SYSTEMPATH\Common.php(1184): CodeIgniter\View\View->render('V_template', [], true)
 8 APPPATH\Controllers\lokasi.php(22): view('V_template', [...])
 9 SYSTEMPATH\CodeIgniter.php(934): App\Controllers\lokasi->inputLokasi()
10 SYSTEMPATH\CodeIgniter.php(499): CodeIgniter\CodeIgniter->runController(Object(App\Controllers\lokasi))
11 SYSTEMPATH\CodeIgniter.php(368): CodeIgniter\CodeIgniter->handleRequest(null, Object(Config\Cache), false)
12 FCPATH\index.php(67): CodeIgniter\CodeIgniter->run()
CRITICAL - 2026-05-19 07:33:54 --> Call to undefined function form_open_multipart()
in APPPATH\Views\lokasi\v_input_lokasi.php on line 8.
 1 SYSTEMPATH\View\View.php(213): include()
 2 SYSTEMPATH\View\View.php(216): CodeIgniter\View\View->CodeIgniter\View\{closure}()
 3 SYSTEMPATH\Common.php(1184): CodeIgniter\View\View->render('lokasi/v_input_lokasi', [], true)
 4 APPPATH\Views\v_template.php(153): view('lokasi/v_input_lokasi')
 5 SYSTEMPATH\View\View.php(213): include('APPPATH\\Views\\v_template.php')
 6 SYSTEMPATH\View\View.php(216): CodeIgniter\View\View->CodeIgniter\View\{closure}()
 7 SYSTEMPATH\Common.php(1184): CodeIgniter\View\View->render('V_template', [], true)
 8 APPPATH\Controllers\lokasi.php(22): view('V_template', [...])
 9 SYSTEMPATH\CodeIgniter.php(934): App\Controllers\lokasi->inputLokasi()
10 SYSTEMPATH\CodeIgniter.php(499): CodeIgniter\CodeIgniter->runController(Object(App\Controllers\lokasi))
11 SYSTEMPATH\CodeIgniter.php(368): CodeIgniter\CodeIgniter->handleRequest(null, Object(Config\Cache), false)
12 FCPATH\index.php(67): CodeIgniter\CodeIgniter->run()
WARNING - 2026-05-19 07:54:05 --> [DEPRECATED] Creation of dynamic property App\Controllers\lokasi::$ModelLokasi is deprecated in APPPATH\Controllers\lokasi.php on line 11.
 1 SYSTEMPATH\CodeIgniter.php(906): App\Controllers\lokasi->__construct()
 2 SYSTEMPATH\CodeIgniter.php(490): CodeIgniter\CodeIgniter->createController()
 3 SYSTEMPATH\CodeIgniter.php(368): CodeIgniter\CodeIgniter->handleRequest(null, Object(Config\Cache), false)
 4 FCPATH\index.php(67): CodeIgniter\CodeIgniter->run()
INFO - 2026-05-19 07:54:05 --> Session: Class initialized using 'CodeIgniter\Session\Handlers\FileHandler' driver.
CRITICAL - 2026-05-19 07:54:05 --> Call to undefined function errors()
in APPPATH\Views\lokasi\v_input_lokasi.php on line 14.
 1 SYSTEMPATH\View\View.php(213): include()
 2 SYSTEMPATH\View\View.php(216): CodeIgniter\View\View->CodeIgniter\View\{closure}()
 3 SYSTEMPATH\Common.php(1184): CodeIgniter\View\View->render('lokasi/v_input_lokasi', [], true)
 4 APPPATH\Views\v_template.php(153): view('lokasi/v_input_lokasi')
 5 SYSTEMPATH\View\View.php(213): include('APPPATH\\Views\\v_template.php')
 6 SYSTEMPATH\View\View.php(216): CodeIgniter\View\View->CodeIgniter\View\{closure}()
 7 SYSTEMPATH\Common.php(1184): CodeIgniter\View\View->render('V_template', [], true)
 8 APPPATH\Controllers\lokasi.php(29): view('V_template', [...])
 9 SYSTEMPATH\CodeIgniter.php(934): App\Controllers\lokasi->inputLokasi()
10 SYSTEMPATH\CodeIgniter.php(499): CodeIgniter\CodeIgniter->runController(Object(App\Controllers\lokasi))
11 SYSTEMPATH\CodeIgniter.php(368): CodeIgniter\CodeIgniter->handleRequest(null, Object(Config\Cache), false)
12 FCPATH\index.php(67): CodeIgniter\CodeIgniter->run()
WARNING - 2026-05-19 07:54:19 --> [DEPRECATED] Creation of dynamic property App\Controllers\lokasi::$ModelLokasi is deprecated in APPPATH\Controllers\lokasi.php on line 11.
 1 SYSTEMPATH\CodeIgniter.php(906): App\Controllers\lokasi->__construct()
 2 SYSTEMPATH\CodeIgniter.php(490): CodeIgniter\CodeIgniter->createController()
 3 SYSTEMPATH\CodeIgniter.php(368): CodeIgniter\CodeIgniter->handleRequest(null, Object(Config\Cache), false)
 4 FCPATH\index.php(67): CodeIgniter\CodeIgniter->run()
INFO - 2026-05-19 07:54:19 --> Session: Class initialized using 'CodeIgniter\Session\Handlers\FileHandler' driver.
CRITICAL - 2026-05-19 07:54:19 --> Call to undefined function errors()
in APPPATH\Views\lokasi\v_input_lokasi.php on line 14.
 1 SYSTEMPATH\View\View.php(213): include()
 2 SYSTEMPATH\View\View.php(216): CodeIgniter\View\View->CodeIgniter\View\{closure}()
 3 SYSTEMPATH\Common.php(1184): CodeIgniter\View\View->render('lokasi/v_input_lokasi', [], true)
 4 APPPATH\Views\v_template.php(153): view('lokasi/v_input_lokasi')
 5 SYSTEMPATH\View\View.php(213): include('APPPATH\\Views\\v_template.php')
 6 SYSTEMPATH\View\View.php(216): CodeIgniter\View\View->CodeIgniter\View\{closure}()
 7 SYSTEMPATH\Common.php(1184): CodeIgniter\View\View->render('V_template', [], true)
 8 APPPATH\Controllers\lokasi.php(29): view('V_template', [...])
 9 SYSTEMPATH\CodeIgniter.php(934): App\Controllers\lokasi->inputLokasi()
10 SYSTEMPATH\CodeIgniter.php(499): CodeIgniter\CodeIgniter->runController(Object(App\Controllers\lokasi))
11 SYSTEMPATH\CodeIgniter.php(368): CodeIgniter\CodeIgniter->handleRequest(null, Object(Config\Cache), false)
12 FCPATH\index.php(67): CodeIgniter\CodeIgniter->run()
WARNING - 2026-05-19 07:58:28 --> [DEPRECATED] Creation of dynamic property App\Controllers\lokasi::$ModelLokasi is deprecated in APPPATH\Controllers\lokasi.php on line 11.
 1 SYSTEMPATH\CodeIgniter.php(906): App\Controllers\lokasi->__construct()
 2 SYSTEMPATH\CodeIgniter.php(490): CodeIgniter\CodeIgniter->createController()
 3 SYSTEMPATH\CodeIgniter.php(368): CodeIgniter\CodeIgniter->handleRequest(null, Object(Config\Cache), false)
 4 FCPATH\index.php(67): CodeIgniter\CodeIgniter->run()
INFO - 2026-05-19 07:58:28 --> Session: Class initialized using 'CodeIgniter\Session\Handlers\FileHandler' driver.
CRITICAL - 2026-05-19 07:58:28 --> Undefined variable $validation_errors
in APPPATH\Views\lokasi\v_input_lokasi.php on line 14.
 1 APPPATH\Views\lokasi\v_input_lokasi.php(14): CodeIgniter\Debug\Exceptions->errorHandler(2, 'Undefined variable $validation_errors', 'APPPATH\\Views\\lokasi\\v_input_lokasi.php', 14)
 2 SYSTEMPATH\View\View.php(213): include('APPPATH\\Views\\lokasi\\v_input_lokasi.php')
 3 SYSTEMPATH\View\View.php(216): CodeIgniter\View\View->CodeIgniter\View\{closure}()
 4 SYSTEMPATH\Common.php(1184): CodeIgniter\View\View->render('lokasi/v_input_lokasi', [], true)
 5 APPPATH\Views\v_template.php(153): view('lokasi/v_input_lokasi')
 6 SYSTEMPATH\View\View.php(213): include('APPPATH\\Views\\v_template.php')
 7 SYSTEMPATH\View\View.php(216): CodeIgniter\View\View->CodeIgniter\View\{closure}()
 8 SYSTEMPATH\Common.php(1184): CodeIgniter\View\View->render('V_template', [], true)
 9 APPPATH\Controllers\lokasi.php(29): view('V_template', [...])
10 SYSTEMPATH\CodeIgniter.php(934): App\Controllers\lokasi->inputLokasi()
11 SYSTEMPATH\CodeIgniter.php(499): CodeIgniter\CodeIgniter->runController(Object(App\Controllers\lokasi))
12 SYSTEMPATH\CodeIgniter.php(368): CodeIgniter\CodeIgniter->handleRequest(null, Object(Config\Cache), false)
13 FCPATH\index.php(67): CodeIgniter\CodeIgniter->run()
WARNING - 2026-05-19 08:00:59 --> [DEPRECATED] Creation of dynamic property App\Controllers\lokasi::$ModelLokasi is deprecated in APPPATH\Controllers\lokasi.php on line 11.
 1 SYSTEMPATH\CodeIgniter.php(906): App\Controllers\lokasi->__construct()
 2 SYSTEMPATH\CodeIgniter.php(490): CodeIgniter\CodeIgniter->createController()
 3 SYSTEMPATH\CodeIgniter.php(368): CodeIgniter\CodeIgniter->handleRequest(null, Object(Config\Cache), false)
 4 FCPATH\index.php(67): CodeIgniter\CodeIgniter->run()
INFO - 2026-05-19 08:00:59 --> Session: Class initialized using 'CodeIgniter\Session\Handlers\FileHandler' driver.
CRITICAL - 2026-05-19 08:00:59 --> Call to undefined function validation_errors()
in APPPATH\Views\lokasi\v_input_lokasi.php on line 14.
 1 SYSTEMPATH\View\View.php(213): include()
 2 SYSTEMPATH\View\View.php(216): CodeIgniter\View\View->CodeIgniter\View\{closure}()
 3 SYSTEMPATH\Common.php(1184): CodeIgniter\View\View->render('lokasi/v_input_lokasi', [], true)
 4 APPPATH\Views\v_template.php(153): view('lokasi/v_input_lokasi')
 5 SYSTEMPATH\View\View.php(213): include('APPPATH\\Views\\v_template.php')
 6 SYSTEMPATH\View\View.php(216): CodeIgniter\View\View->CodeIgniter\View\{closure}()
 7 SYSTEMPATH\Common.php(1184): CodeIgniter\View\View->render('V_template', [], true)
 8 APPPATH\Controllers\lokasi.php(29): view('V_template', [...])
 9 SYSTEMPATH\CodeIgniter.php(934): App\Controllers\lokasi->inputLokasi()
10 SYSTEMPATH\CodeIgniter.php(499): CodeIgniter\CodeIgniter->runController(Object(App\Controllers\lokasi))
11 SYSTEMPATH\CodeIgniter.php(368): CodeIgniter\CodeIgniter->handleRequest(null, Object(Config\Cache), false)
12 FCPATH\index.php(67): CodeIgniter\CodeIgniter->run()
WARNING - 2026-05-19 08:01:15 --> [DEPRECATED] Creation of dynamic property App\Controllers\lokasi::$ModelLokasi is deprecated in APPPATH\Controllers\lokasi.php on line 11.
 1 SYSTEMPATH\CodeIgniter.php(906): App\Controllers\lokasi->__construct()
 2 SYSTEMPATH\CodeIgniter.php(490): CodeIgniter\CodeIgniter->createController()
 3 SYSTEMPATH\CodeIgniter.php(368): CodeIgniter\CodeIgniter->handleRequest(null, Object(Config\Cache), false)
 4 FCPATH\index.php(67): CodeIgniter\CodeIgniter->run()
INFO - 2026-05-19 08:01:15 --> Session: Class initialized using 'CodeIgniter\Session\Handlers\FileHandler' driver.
CRITICAL - 2026-05-19 08:01:15 --> Call to undefined function validation_errors()
in APPPATH\Views\lokasi\v_input_lokasi.php on line 14.
 1 SYSTEMPATH\View\View.php(213): include()
 2 SYSTEMPATH\View\View.php(216): CodeIgniter\View\View->CodeIgniter\View\{closure}()
 3 SYSTEMPATH\Common.php(1184): CodeIgniter\View\View->render('lokasi/v_input_lokasi', [], true)
 4 APPPATH\Views\v_template.php(153): view('lokasi/v_input_lokasi')
 5 SYSTEMPATH\View\View.php(213): include('APPPATH\\Views\\v_template.php')
 6 SYSTEMPATH\View\View.php(216): CodeIgniter\View\View->CodeIgniter\View\{closure}()
 7 SYSTEMPATH\Common.php(1184): CodeIgniter\View\View->render('V_template', [], true)
 8 APPPATH\Controllers\lokasi.php(29): view('V_template', [...])
 9 SYSTEMPATH\CodeIgniter.php(934): App\Controllers\lokasi->inputLokasi()
10 SYSTEMPATH\CodeIgniter.php(499): CodeIgniter\CodeIgniter->runController(Object(App\Controllers\lokasi))
11 SYSTEMPATH\CodeIgniter.php(368): CodeIgniter\CodeIgniter->handleRequest(null, Object(Config\Cache), false)
12 FCPATH\index.php(67): CodeIgniter\CodeIgniter->run()
WARNING - 2026-05-19 08:04:27 --> [DEPRECATED] Creation of dynamic property App\Controllers\lokasi::$ModelLokasi is deprecated in APPPATH\Controllers\lokasi.php on line 11.
 1 SYSTEMPATH\CodeIgniter.php(906): App\Controllers\lokasi->__construct()
 2 SYSTEMPATH\CodeIgniter.php(490): CodeIgniter\CodeIgniter->createController()
 3 SYSTEMPATH\CodeIgniter.php(368): CodeIgniter\CodeIgniter->handleRequest(null, Object(Config\Cache), false)
 4 FCPATH\index.php(67): CodeIgniter\CodeIgniter->run()
INFO - 2026-05-19 08:04:27 --> Session: Class initialized using 'CodeIgniter\Session\Handlers\FileHandler' driver.
CRITICAL - 2026-05-19 08:04:27 --> Call to undefined function validation_errors()
in APPPATH\Views\lokasi\v_input_lokasi.php on line 14.
 1 SYSTEMPATH\View\View.php(213): include()
 2 SYSTEMPATH\View\View.php(216): CodeIgniter\View\View->CodeIgniter\View\{closure}()
 3 SYSTEMPATH\Common.php(1184): CodeIgniter\View\View->render('lokasi/v_input_lokasi', [], true)
 4 APPPATH\Views\v_template.php(153): view('lokasi/v_input_lokasi')
 5 SYSTEMPATH\View\View.php(213): include('APPPATH\\Views\\v_template.php')
 6 SYSTEMPATH\View\View.php(216): CodeIgniter\View\View->CodeIgniter\View\{closure}()
 7 SYSTEMPATH\Common.php(1184): CodeIgniter\View\View->render('V_template', [], true)
 8 APPPATH\Controllers\lokasi.php(29): view('V_template', [...])
 9 SYSTEMPATH\CodeIgniter.php(934): App\Controllers\lokasi->inputLokasi()
10 SYSTEMPATH\CodeIgniter.php(499): CodeIgniter\CodeIgniter->runController(Object(App\Controllers\lokasi))
11 SYSTEMPATH\CodeIgniter.php(368): CodeIgniter\CodeIgniter->handleRequest(null, Object(Config\Cache), false)
12 FCPATH\index.php(67): CodeIgniter\CodeIgniter->run()
WARNING - 2026-05-19 08:04:37 --> [DEPRECATED] Creation of dynamic property App\Controllers\lokasi::$ModelLokasi is deprecated in APPPATH\Controllers\lokasi.php on line 11.
 1 SYSTEMPATH\CodeIgniter.php(906): App\Controllers\lokasi->__construct()
 2 SYSTEMPATH\CodeIgniter.php(490): CodeIgniter\CodeIgniter->createController()
 3 SYSTEMPATH\CodeIgniter.php(368): CodeIgniter\CodeIgniter->handleRequest(null, Object(Config\Cache), false)
 4 FCPATH\index.php(67): CodeIgniter\CodeIgniter->run()
INFO - 2026-05-19 08:04:37 --> Session: Class initialized using 'CodeIgniter\Session\Handlers\FileHandler' driver.
CRITICAL - 2026-05-19 08:04:37 --> Call to undefined function validation_errors()
in APPPATH\Views\lokasi\v_input_lokasi.php on line 14.
 1 SYSTEMPATH\View\View.php(213): include()
 2 SYSTEMPATH\View\View.php(216): CodeIgniter\View\View->CodeIgniter\View\{closure}()
 3 SYSTEMPATH\Common.php(1184): CodeIgniter\View\View->render('lokasi/v_input_lokasi', [], true)
 4 APPPATH\Views\v_template.php(153): view('lokasi/v_input_lokasi')
 5 SYSTEMPATH\View\View.php(213): include('APPPATH\\Views\\v_template.php')
 6 SYSTEMPATH\View\View.php(216): CodeIgniter\View\View->CodeIgniter\View\{closure}()
 7 SYSTEMPATH\Common.php(1184): CodeIgniter\View\View->render('V_template', [], true)
 8 APPPATH\Controllers\lokasi.php(29): view('V_template', [...])
 9 SYSTEMPATH\CodeIgniter.php(934): App\Controllers\lokasi->inputLokasi()
10 SYSTEMPATH\CodeIgniter.php(499): CodeIgniter\CodeIgniter->runController(Object(App\Controllers\lokasi))
11 SYSTEMPATH\CodeIgniter.php(368): CodeIgniter\CodeIgniter->handleRequest(null, Object(Config\Cache), false)
12 FCPATH\index.php(67): CodeIgniter\CodeIgniter->run()
WARNING - 2026-05-19 08:04:41 --> [DEPRECATED] Creation of dynamic property App\Controllers\lokasi::$ModelLokasi is deprecated in APPPATH\Controllers\lokasi.php on line 11.
 1 SYSTEMPATH\CodeIgniter.php(906): App\Controllers\lokasi->__construct()
 2 SYSTEMPATH\CodeIgniter.php(490): CodeIgniter\CodeIgniter->createController()
 3 SYSTEMPATH\CodeIgniter.php(368): CodeIgniter\CodeIgniter->handleRequest(null, Object(Config\Cache), false)
 4 FCPATH\index.php(67): CodeIgniter\CodeIgniter->run()
WARNING - 2026-05-19 08:04:42 --> [DEPRECATED] Creation of dynamic property App\Controllers\lokasi::$ModelLokasi is deprecated in APPPATH\Controllers\lokasi.php on line 11.
 1 SYSTEMPATH\CodeIgniter.php(906): App\Controllers\lokasi->__construct()
 2 SYSTEMPATH\CodeIgniter.php(490): CodeIgniter\CodeIgniter->createController()
 3 SYSTEMPATH\CodeIgniter.php(368): CodeIgniter\CodeIgniter->handleRequest(null, Object(Config\Cache), false)
 4 FCPATH\index.php(67): CodeIgniter\CodeIgniter->run()
INFO - 2026-05-19 08:04:42 --> Session: Class initialized using 'CodeIgniter\Session\Handlers\FileHandler' driver.
CRITICAL - 2026-05-19 08:04:42 --> Call to undefined function validation_errors()
in APPPATH\Views\lokasi\v_input_lokasi.php on line 14.
 1 SYSTEMPATH\View\View.php(213): include()
 2 SYSTEMPATH\View\View.php(216): CodeIgniter\View\View->CodeIgniter\View\{closure}()
 3 SYSTEMPATH\Common.php(1184): CodeIgniter\View\View->render('lokasi/v_input_lokasi', [], true)
 4 APPPATH\Views\v_template.php(153): view('lokasi/v_input_lokasi')
 5 SYSTEMPATH\View\View.php(213): include('APPPATH\\Views\\v_template.php')
 6 SYSTEMPATH\View\View.php(216): CodeIgniter\View\View->CodeIgniter\View\{closure}()
 7 SYSTEMPATH\Common.php(1184): CodeIgniter\View\View->render('V_template', [], true)
 8 APPPATH\Controllers\lokasi.php(29): view('V_template', [...])
 9 SYSTEMPATH\CodeIgniter.php(934): App\Controllers\lokasi->inputLokasi()
10 SYSTEMPATH\CodeIgniter.php(499): CodeIgniter\CodeIgniter->runController(Object(App\Controllers\lokasi))
11 SYSTEMPATH\CodeIgniter.php(368): CodeIgniter\CodeIgniter->handleRequest(null, Object(Config\Cache), false)
12 FCPATH\index.php(67): CodeIgniter\CodeIgniter->run()
WARNING - 2026-05-19 08:04:44 --> [DEPRECATED] Creation of dynamic property App\Controllers\lokasi::$ModelLokasi is deprecated in APPPATH\Controllers\lokasi.php on line 11.
 1 SYSTEMPATH\CodeIgniter.php(906): App\Controllers\lokasi->__construct()
 2 SYSTEMPATH\CodeIgniter.php(490): CodeIgniter\CodeIgniter->createController()
 3 SYSTEMPATH\CodeIgniter.php(368): CodeIgniter\CodeIgniter->handleRequest(null, Object(Config\Cache), false)
 4 FCPATH\index.php(67): CodeIgniter\CodeIgniter->run()
INFO - 2026-05-19 08:04:44 --> Session: Class initialized using 'CodeIgniter\Session\Handlers\FileHandler' driver.
CRITICAL - 2026-05-19 08:04:44 --> Call to undefined function validation_errors()
in APPPATH\Views\lokasi\v_input_lokasi.php on line 14.
 1 SYSTEMPATH\View\View.php(213): include()
 2 SYSTEMPATH\View\View.php(216): CodeIgniter\View\View->CodeIgniter\View\{closure}()
 3 SYSTEMPATH\Common.php(1184): CodeIgniter\View\View->render('lokasi/v_input_lokasi', [], true)
 4 APPPATH\Views\v_template.php(153): view('lokasi/v_input_lokasi')
 5 SYSTEMPATH\View\View.php(213): include('APPPATH\\Views\\v_template.php')
 6 SYSTEMPATH\View\View.php(216): CodeIgniter\View\View->CodeIgniter\View\{closure}()
 7 SYSTEMPATH\Common.php(1184): CodeIgniter\View\View->render('V_template', [], true)
 8 APPPATH\Controllers\lokasi.php(29): view('V_template', [...])
 9 SYSTEMPATH\CodeIgniter.php(934): App\Controllers\lokasi->inputLokasi()
10 SYSTEMPATH\CodeIgniter.php(499): CodeIgniter\CodeIgniter->runController(Object(App\Controllers\lokasi))
11 SYSTEMPATH\CodeIgniter.php(368): CodeIgniter\CodeIgniter->handleRequest(null, Object(Config\Cache), false)
12 FCPATH\index.php(67): CodeIgniter\CodeIgniter->run()
WARNING - 2026-05-19 08:07:37 --> [DEPRECATED] Creation of dynamic property App\Controllers\lokasi::$ModelLokasi is deprecated in APPPATH\Controllers\lokasi.php on line 11.
 1 SYSTEMPATH\CodeIgniter.php(906): App\Controllers\lokasi->__construct()
 2 SYSTEMPATH\CodeIgniter.php(490): CodeIgniter\CodeIgniter->createController()
 3 SYSTEMPATH\CodeIgniter.php(368): CodeIgniter\CodeIgniter->handleRequest(null, Object(Config\Cache), false)
 4 FCPATH\index.php(67): CodeIgniter\CodeIgniter->run()
INFO - 2026-05-19 08:07:37 --> Session: Class initialized using 'CodeIgniter\Session\Handlers\FileHandler' driver.
CRITICAL - 2026-05-19 08:07:37 --> Call to undefined function validation_errors()
in APPPATH\Views\lokasi\v_input_lokasi.php on line 14.
 1 SYSTEMPATH\View\View.php(213): include()
 2 SYSTEMPATH\View\View.php(216): CodeIgniter\View\View->CodeIgniter\View\{closure}()
 3 SYSTEMPATH\Common.php(1184): CodeIgniter\View\View->render('lokasi/v_input_lokasi', [], true)
 4 APPPATH\Views\v_template.php(153): view('lokasi/v_input_lokasi')
 5 SYSTEMPATH\View\View.php(213): include('APPPATH\\Views\\v_template.php')
 6 SYSTEMPATH\View\View.php(216): CodeIgniter\View\View->CodeIgniter\View\{closure}()
 7 SYSTEMPATH\Common.php(1184): CodeIgniter\View\View->render('V_template', [], true)
 8 APPPATH\Controllers\lokasi.php(29): view('V_template', [...])
 9 SYSTEMPATH\CodeIgniter.php(934): App\Controllers\lokasi->inputLokasi()
10 SYSTEMPATH\CodeIgniter.php(499): CodeIgniter\CodeIgniter->runController(Object(App\Controllers\lokasi))
11 SYSTEMPATH\CodeIgniter.php(368): CodeIgniter\CodeIgniter->handleRequest(null, Object(Config\Cache), false)
12 FCPATH\index.php(67): CodeIgniter\CodeIgniter->run()
WARNING - 2026-05-19 08:07:37 --> [DEPRECATED] Creation of dynamic property App\Controllers\lokasi::$ModelLokasi is deprecated in APPPATH\Controllers\lokasi.php on line 11.
 1 SYSTEMPATH\CodeIgniter.php(906): App\Controllers\lokasi->__construct()
 2 SYSTEMPATH\CodeIgniter.php(490): CodeIgniter\CodeIgniter->createController()
 3 SYSTEMPATH\CodeIgniter.php(368): CodeIgniter\CodeIgniter->handleRequest(null, Object(Config\Cache), false)
 4 FCPATH\index.php(67): CodeIgniter\CodeIgniter->run()
INFO - 2026-05-19 08:07:37 --> Session: Class initialized using 'CodeIgniter\Session\Handlers\FileHandler' driver.
CRITICAL - 2026-05-19 08:07:37 --> Call to undefined function validation_errors()
in APPPATH\Views\lokasi\v_input_lokasi.php on line 14.
 1 SYSTEMPATH\View\View.php(213): include()
 2 SYSTEMPATH\View\View.php(216): CodeIgniter\View\View->CodeIgniter\View\{closure}()
 3 SYSTEMPATH\Common.php(1184): CodeIgniter\View\View->render('lokasi/v_input_lokasi', [], true)
 4 APPPATH\Views\v_template.php(153): view('lokasi/v_input_lokasi')
 5 SYSTEMPATH\View\View.php(213): include('APPPATH\\Views\\v_template.php')
 6 SYSTEMPATH\View\View.php(216): CodeIgniter\View\View->CodeIgniter\View\{closure}()
 7 SYSTEMPATH\Common.php(1184): CodeIgniter\View\View->render('V_template', [], true)
 8 APPPATH\Controllers\lokasi.php(29): view('V_template', [...])
 9 SYSTEMPATH\CodeIgniter.php(934): App\Controllers\lokasi->inputLokasi()
10 SYSTEMPATH\CodeIgniter.php(499): CodeIgniter\CodeIgniter->runController(Object(App\Controllers\lokasi))
11 SYSTEMPATH\CodeIgniter.php(368): CodeIgniter\CodeIgniter->handleRequest(null, Object(Config\Cache), false)
12 FCPATH\index.php(67): CodeIgniter\CodeIgniter->run()
WARNING - 2026-05-19 08:07:38 --> [DEPRECATED] Creation of dynamic property App\Controllers\lokasi::$ModelLokasi is deprecated in APPPATH\Controllers\lokasi.php on line 11.
 1 SYSTEMPATH\CodeIgniter.php(906): App\Controllers\lokasi->__construct()
 2 SYSTEMPATH\CodeIgniter.php(490): CodeIgniter\CodeIgniter->createController()
 3 SYSTEMPATH\CodeIgniter.php(368): CodeIgniter\CodeIgniter->handleRequest(null, Object(Config\Cache), false)
 4 FCPATH\index.php(67): CodeIgniter\CodeIgniter->run()
INFO - 2026-05-19 08:07:38 --> Session: Class initialized using 'CodeIgniter\Session\Handlers\FileHandler' driver.
CRITICAL - 2026-05-19 08:07:38 --> Call to undefined function validation_errors()
in APPPATH\Views\lokasi\v_input_lokasi.php on line 14.
 1 SYSTEMPATH\View\View.php(213): include()
 2 SYSTEMPATH\View\View.php(216): CodeIgniter\View\View->CodeIgniter\View\{closure}()
 3 SYSTEMPATH\Common.php(1184): CodeIgniter\View\View->render('lokasi/v_input_lokasi', [], true)
 4 APPPATH\Views\v_template.php(153): view('lokasi/v_input_lokasi')
 5 SYSTEMPATH\View\View.php(213): include('APPPATH\\Views\\v_template.php')
 6 SYSTEMPATH\View\View.php(216): CodeIgniter\View\View->CodeIgniter\View\{closure}()
 7 SYSTEMPATH\Common.php(1184): CodeIgniter\View\View->render('V_template', [], true)
 8 APPPATH\Controllers\lokasi.php(29): view('V_template', [...])
 9 SYSTEMPATH\CodeIgniter.php(934): App\Controllers\lokasi->inputLokasi()
10 SYSTEMPATH\CodeIgniter.php(499): CodeIgniter\CodeIgniter->runController(Object(App\Controllers\lokasi))
11 SYSTEMPATH\CodeIgniter.php(368): CodeIgniter\CodeIgniter->handleRequest(null, Object(Config\Cache), false)
12 FCPATH\index.php(67): CodeIgniter\CodeIgniter->run()
WARNING - 2026-05-19 08:07:38 --> [DEPRECATED] Creation of dynamic property App\Controllers\lokasi::$ModelLokasi is deprecated in APPPATH\Controllers\lokasi.php on line 11.
 1 SYSTEMPATH\CodeIgniter.php(906): App\Controllers\lokasi->__construct()
 2 SYSTEMPATH\CodeIgniter.php(490): CodeIgniter\CodeIgniter->createController()
 3 SYSTEMPATH\CodeIgniter.php(368): CodeIgniter\CodeIgniter->handleRequest(null, Object(Config\Cache), false)
 4 FCPATH\index.php(67): CodeIgniter\CodeIgniter->run()
INFO - 2026-05-19 08:07:38 --> Session: Class initialized using 'CodeIgniter\Session\Handlers\FileHandler' driver.
CRITICAL - 2026-05-19 08:07:38 --> Call to undefined function validation_errors()
in APPPATH\Views\lokasi\v_input_lokasi.php on line 14.
 1 SYSTEMPATH\View\View.php(213): include()
 2 SYSTEMPATH\View\View.php(216): CodeIgniter\View\View->CodeIgniter\View\{closure}()
 3 SYSTEMPATH\Common.php(1184): CodeIgniter\View\View->render('lokasi/v_input_lokasi', [], true)
 4 APPPATH\Views\v_template.php(153): view('lokasi/v_input_lokasi')
 5 SYSTEMPATH\View\View.php(213): include('APPPATH\\Views\\v_template.php')
 6 SYSTEMPATH\View\View.php(216): CodeIgniter\View\View->CodeIgniter\View\{closure}()
 7 SYSTEMPATH\Common.php(1184): CodeIgniter\View\View->render('V_template', [], true)
 8 APPPATH\Controllers\lokasi.php(29): view('V_template', [...])
 9 SYSTEMPATH\CodeIgniter.php(934): App\Controllers\lokasi->inputLokasi()
10 SYSTEMPATH\CodeIgniter.php(499): CodeIgniter\CodeIgniter->runController(Object(App\Controllers\lokasi))
11 SYSTEMPATH\CodeIgniter.php(368): CodeIgniter\CodeIgniter->handleRequest(null, Object(Config\Cache), false)
12 FCPATH\index.php(67): CodeIgniter\CodeIgniter->run()
WARNING - 2026-05-19 08:08:45 --> [DEPRECATED] Creation of dynamic property App\Controllers\lokasi::$ModelLokasi is deprecated in APPPATH\Controllers\lokasi.php on line 11.
 1 SYSTEMPATH\CodeIgniter.php(906): App\Controllers\lokasi->__construct()
 2 SYSTEMPATH\CodeIgniter.php(490): CodeIgniter\CodeIgniter->createController()
 3 SYSTEMPATH\CodeIgniter.php(368): CodeIgniter\CodeIgniter->handleRequest(null, Object(Config\Cache), false)
 4 FCPATH\index.php(67): CodeIgniter\CodeIgniter->run()
INFO - 2026-05-19 08:08:45 --> Session: Class initialized using 'CodeIgniter\Session\Handlers\FileHandler' driver.
CRITICAL - 2026-05-19 08:08:45 --> Call to undefined function form_open_multipart()
in APPPATH\Views\lokasi\v_input_lokasi.php on line 16.
 1 SYSTEMPATH\View\View.php(213): include()
 2 SYSTEMPATH\View\View.php(216): CodeIgniter\View\View->CodeIgniter\View\{closure}()
 3 SYSTEMPATH\Common.php(1184): CodeIgniter\View\View->render('lokasi/v_input_lokasi', [], true)
 4 APPPATH\Views\v_template.php(153): view('lokasi/v_input_lokasi')
 5 SYSTEMPATH\View\View.php(213): include('APPPATH\\Views\\v_template.php')
 6 SYSTEMPATH\View\View.php(216): CodeIgniter\View\View->CodeIgniter\View\{closure}()
 7 SYSTEMPATH\Common.php(1184): CodeIgniter\View\View->render('V_template', [], true)
 8 APPPATH\Controllers\lokasi.php(29): view('V_template', [...])
 9 SYSTEMPATH\CodeIgniter.php(934): App\Controllers\lokasi->inputLokasi()
10 SYSTEMPATH\CodeIgniter.php(499): CodeIgniter\CodeIgniter->runController(Object(App\Controllers\lokasi))
11 SYSTEMPATH\CodeIgniter.php(368): CodeIgniter\CodeIgniter->handleRequest(null, Object(Config\Cache), false)
12 FCPATH\index.php(67): CodeIgniter\CodeIgniter->run()
WARNING - 2026-05-19 08:08:45 --> [DEPRECATED] Creation of dynamic property App\Controllers\lokasi::$ModelLokasi is deprecated in APPPATH\Controllers\lokasi.php on line 11.
 1 SYSTEMPATH\CodeIgniter.php(906): App\Controllers\lokasi->__construct()
 2 SYSTEMPATH\CodeIgniter.php(490): CodeIgniter\CodeIgniter->createController()
 3 SYSTEMPATH\CodeIgniter.php(368): CodeIgniter\CodeIgniter->handleRequest(null, Object(Config\Cache), false)
 4 FCPATH\index.php(67): CodeIgniter\CodeIgniter->run()
INFO - 2026-05-19 08:08:45 --> Session: Class initialized using 'CodeIgniter\Session\Handlers\FileHandler' driver.
CRITICAL - 2026-05-19 08:08:45 --> Call to undefined function form_open_multipart()
in APPPATH\Views\lokasi\v_input_lokasi.php on line 16.
 1 SYSTEMPATH\View\View.php(213): include()
 2 SYSTEMPATH\View\View.php(216): CodeIgniter\View\View->CodeIgniter\View\{closure}()
 3 SYSTEMPATH\Common.php(1184): CodeIgniter\View\View->render('lokasi/v_input_lokasi', [], true)
 4 APPPATH\Views\v_template.php(153): view('lokasi/v_input_lokasi')
 5 SYSTEMPATH\View\View.php(213): include('APPPATH\\Views\\v_template.php')
 6 SYSTEMPATH\View\View.php(216): CodeIgniter\View\View->CodeIgniter\View\{closure}()
 7 SYSTEMPATH\Common.php(1184): CodeIgniter\View\View->render('V_template', [], true)
 8 APPPATH\Controllers\lokasi.php(29): view('V_template', [...])
 9 SYSTEMPATH\CodeIgniter.php(934): App\Controllers\lokasi->inputLokasi()
10 SYSTEMPATH\CodeIgniter.php(499): CodeIgniter\CodeIgniter->runController(Object(App\Controllers\lokasi))
11 SYSTEMPATH\CodeIgniter.php(368): CodeIgniter\CodeIgniter->handleRequest(null, Object(Config\Cache), false)
12 FCPATH\index.php(67): CodeIgniter\CodeIgniter->run()
WARNING - 2026-05-19 08:08:46 --> [DEPRECATED] Creation of dynamic property App\Controllers\lokasi::$ModelLokasi is deprecated in APPPATH\Controllers\lokasi.php on line 11.
 1 SYSTEMPATH\CodeIgniter.php(906): App\Controllers\lokasi->__construct()
 2 SYSTEMPATH\CodeIgniter.php(490): CodeIgniter\CodeIgniter->createController()
 3 SYSTEMPATH\CodeIgniter.php(368): CodeIgniter\CodeIgniter->handleRequest(null, Object(Config\Cache), false)
 4 FCPATH\index.php(67): CodeIgniter\CodeIgniter->run()
INFO - 2026-05-19 08:08:46 --> Session: Class initialized using 'CodeIgniter\Session\Handlers\FileHandler' driver.
CRITICAL - 2026-05-19 08:08:46 --> Call to undefined function form_open_multipart()
in APPPATH\Views\lokasi\v_input_lokasi.php on line 16.
 1 SYSTEMPATH\View\View.php(213): include()
 2 SYSTEMPATH\View\View.php(216): CodeIgniter\View\View->CodeIgniter\View\{closure}()
 3 SYSTEMPATH\Common.php(1184): CodeIgniter\View\View->render('lokasi/v_input_lokasi', [], true)
 4 APPPATH\Views\v_template.php(153): view('lokasi/v_input_lokasi')
 5 SYSTEMPATH\View\View.php(213): include('APPPATH\\Views\\v_template.php')
 6 SYSTEMPATH\View\View.php(216): CodeIgniter\View\View->CodeIgniter\View\{closure}()
 7 SYSTEMPATH\Common.php(1184): CodeIgniter\View\View->render('V_template', [], true)
 8 APPPATH\Controllers\lokasi.php(29): view('V_template', [...])
 9 SYSTEMPATH\CodeIgniter.php(934): App\Controllers\lokasi->inputLokasi()
10 SYSTEMPATH\CodeIgniter.php(499): CodeIgniter\CodeIgniter->runController(Object(App\Controllers\lokasi))
11 SYSTEMPATH\CodeIgniter.php(368): CodeIgniter\CodeIgniter->handleRequest(null, Object(Config\Cache), false)
12 FCPATH\index.php(67): CodeIgniter\CodeIgniter->run()
WARNING - 2026-05-19 08:09:02 --> [DEPRECATED] Creation of dynamic property App\Controllers\lokasi::$ModelLokasi is deprecated in APPPATH\Controllers\lokasi.php on line 11.
 1 SYSTEMPATH\CodeIgniter.php(906): App\Controllers\lokasi->__construct()
 2 SYSTEMPATH\CodeIgniter.php(490): CodeIgniter\CodeIgniter->createController()
 3 SYSTEMPATH\CodeIgniter.php(368): CodeIgniter\CodeIgniter->handleRequest(null, Object(Config\Cache), false)
 4 FCPATH\index.php(67): CodeIgniter\CodeIgniter->run()
INFO - 2026-05-19 08:09:02 --> Session: Class initialized using 'CodeIgniter\Session\Handlers\FileHandler' driver.
CRITICAL - 2026-05-19 08:09:02 --> Call to undefined function form_close()
in APPPATH\Views\lokasi\v_input_lokasi.php on line 47.
 1 SYSTEMPATH\View\View.php(213): include()
 2 SYSTEMPATH\View\View.php(216): CodeIgniter\View\View->CodeIgniter\View\{closure}()
 3 SYSTEMPATH\Common.php(1184): CodeIgniter\View\View->render('lokasi/v_input_lokasi', [], true)
 4 APPPATH\Views\v_template.php(153): view('lokasi/v_input_lokasi')
 5 SYSTEMPATH\View\View.php(213): include('APPPATH\\Views\\v_template.php')
 6 SYSTEMPATH\View\View.php(216): CodeIgniter\View\View->CodeIgniter\View\{closure}()
 7 SYSTEMPATH\Common.php(1184): CodeIgniter\View\View->render('V_template', [], true)
 8 APPPATH\Controllers\lokasi.php(29): view('V_template', [...])
 9 SYSTEMPATH\CodeIgniter.php(934): App\Controllers\lokasi->inputLokasi()
10 SYSTEMPATH\CodeIgniter.php(499): CodeIgniter\CodeIgniter->runController(Object(App\Controllers\lokasi))
11 SYSTEMPATH\CodeIgniter.php(368): CodeIgniter\CodeIgniter->handleRequest(null, Object(Config\Cache), false)
12 FCPATH\index.php(67): CodeIgniter\CodeIgniter->run()
WARNING - 2026-05-19 08:09:03 --> [DEPRECATED] Creation of dynamic property App\Controllers\lokasi::$ModelLokasi is deprecated in APPPATH\Controllers\lokasi.php on line 11.
 1 SYSTEMPATH\CodeIgniter.php(906): App\Controllers\lokasi->__construct()
 2 SYSTEMPATH\CodeIgniter.php(490): CodeIgniter\CodeIgniter->createController()
 3 SYSTEMPATH\CodeIgniter.php(368): CodeIgniter\CodeIgniter->handleRequest(null, Object(Config\Cache), false)
 4 FCPATH\index.php(67): CodeIgniter\CodeIgniter->run()
INFO - 2026-05-19 08:09:03 --> Session: Class initialized using 'CodeIgniter\Session\Handlers\FileHandler' driver.
CRITICAL - 2026-05-19 08:09:03 --> Call to undefined function form_close()
in APPPATH\Views\lokasi\v_input_lokasi.php on line 47.
 1 SYSTEMPATH\View\View.php(213): include()
 2 SYSTEMPATH\View\View.php(216): CodeIgniter\View\View->CodeIgniter\View\{closure}()
 3 SYSTEMPATH\Common.php(1184): CodeIgniter\View\View->render('lokasi/v_input_lokasi', [], true)
 4 APPPATH\Views\v_template.php(153): view('lokasi/v_input_lokasi')
 5 SYSTEMPATH\View\View.php(213): include('APPPATH\\Views\\v_template.php')
 6 SYSTEMPATH\View\View.php(216): CodeIgniter\View\View->CodeIgniter\View\{closure}()
 7 SYSTEMPATH\Common.php(1184): CodeIgniter\View\View->render('V_template', [], true)
 8 APPPATH\Controllers\lokasi.php(29): view('V_template', [...])
 9 SYSTEMPATH\CodeIgniter.php(934): App\Controllers\lokasi->inputLokasi()
10 SYSTEMPATH\CodeIgniter.php(499): CodeIgniter\CodeIgniter->runController(Object(App\Controllers\lokasi))
11 SYSTEMPATH\CodeIgniter.php(368): CodeIgniter\CodeIgniter->handleRequest(null, Object(Config\Cache), false)
12 FCPATH\index.php(67): CodeIgniter\CodeIgniter->run()
WARNING - 2026-05-19 08:09:03 --> [DEPRECATED] Creation of dynamic property App\Controllers\lokasi::$ModelLokasi is deprecated in APPPATH\Controllers\lokasi.php on line 11.
 1 SYSTEMPATH\CodeIgniter.php(906): App\Controllers\lokasi->__construct()
 2 SYSTEMPATH\CodeIgniter.php(490): CodeIgniter\CodeIgniter->createController()
 3 SYSTEMPATH\CodeIgniter.php(368): CodeIgniter\CodeIgniter->handleRequest(null, Object(Config\Cache), false)
 4 FCPATH\index.php(67): CodeIgniter\CodeIgniter->run()
INFO - 2026-05-19 08:09:03 --> Session: Class initialized using 'CodeIgniter\Session\Handlers\FileHandler' driver.
CRITICAL - 2026-05-19 08:09:03 --> Call to undefined function form_close()
in APPPATH\Views\lokasi\v_input_lokasi.php on line 47.
 1 SYSTEMPATH\View\View.php(213): include()
 2 SYSTEMPATH\View\View.php(216): CodeIgniter\View\View->CodeIgniter\View\{closure}()
 3 SYSTEMPATH\Common.php(1184): CodeIgniter\View\View->render('lokasi/v_input_lokasi', [], true)
 4 APPPATH\Views\v_template.php(153): view('lokasi/v_input_lokasi')
 5 SYSTEMPATH\View\View.php(213): include('APPPATH\\Views\\v_template.php')
 6 SYSTEMPATH\View\View.php(216): CodeIgniter\View\View->CodeIgniter\View\{closure}()
 7 SYSTEMPATH\Common.php(1184): CodeIgniter\View\View->render('V_template', [], true)
 8 APPPATH\Controllers\lokasi.php(29): view('V_template', [...])
 9 SYSTEMPATH\CodeIgniter.php(934): App\Controllers\lokasi->inputLokasi()
10 SYSTEMPATH\CodeIgniter.php(499): CodeIgniter\CodeIgniter->runController(Object(App\Controllers\lokasi))
11 SYSTEMPATH\CodeIgniter.php(368): CodeIgniter\CodeIgniter->handleRequest(null, Object(Config\Cache), false)
12 FCPATH\index.php(67): CodeIgniter\CodeIgniter->run()
WARNING - 2026-05-19 08:09:03 --> [DEPRECATED] Creation of dynamic property App\Controllers\lokasi::$ModelLokasi is deprecated in APPPATH\Controllers\lokasi.php on line 11.
 1 SYSTEMPATH\CodeIgniter.php(906): App\Controllers\lokasi->__construct()
 2 SYSTEMPATH\CodeIgniter.php(490): CodeIgniter\CodeIgniter->createController()
 3 SYSTEMPATH\CodeIgniter.php(368): CodeIgniter\CodeIgniter->handleRequest(null, Object(Config\Cache), false)
 4 FCPATH\index.php(67): CodeIgniter\CodeIgniter->run()
INFO - 2026-05-19 08:09:03 --> Session: Class initialized using 'CodeIgniter\Session\Handlers\FileHandler' driver.
CRITICAL - 2026-05-19 08:09:03 --> Call to undefined function form_close()
in APPPATH\Views\lokasi\v_input_lokasi.php on line 47.
 1 SYSTEMPATH\View\View.php(213): include()
 2 SYSTEMPATH\View\View.php(216): CodeIgniter\View\View->CodeIgniter\View\{closure}()
 3 SYSTEMPATH\Common.php(1184): CodeIgniter\View\View->render('lokasi/v_input_lokasi', [], true)
 4 APPPATH\Views\v_template.php(153): view('lokasi/v_input_lokasi')
 5 SYSTEMPATH\View\View.php(213): include('APPPATH\\Views\\v_template.php')
 6 SYSTEMPATH\View\View.php(216): CodeIgniter\View\View->CodeIgniter\View\{closure}()
 7 SYSTEMPATH\Common.php(1184): CodeIgniter\View\View->render('V_template', [], true)
 8 APPPATH\Controllers\lokasi.php(29): view('V_template', [...])
 9 SYSTEMPATH\CodeIgniter.php(934): App\Controllers\lokasi->inputLokasi()
10 SYSTEMPATH\CodeIgniter.php(499): CodeIgniter\CodeIgniter->runController(Object(App\Controllers\lokasi))
11 SYSTEMPATH\CodeIgniter.php(368): CodeIgniter\CodeIgniter->handleRequest(null, Object(Config\Cache), false)
12 FCPATH\index.php(67): CodeIgniter\CodeIgniter->run()
WARNING - 2026-05-19 08:09:15 --> [DEPRECATED] Creation of dynamic property App\Controllers\lokasi::$ModelLokasi is deprecated in APPPATH\Controllers\lokasi.php on line 11.
 1 SYSTEMPATH\CodeIgniter.php(906): App\Controllers\lokasi->__construct()
 2 SYSTEMPATH\CodeIgniter.php(490): CodeIgniter\CodeIgniter->createController()
 3 SYSTEMPATH\CodeIgniter.php(368): CodeIgniter\CodeIgniter->handleRequest(null, Object(Config\Cache), false)
 4 FCPATH\index.php(67): CodeIgniter\CodeIgniter->run()
INFO - 2026-05-19 08:09:15 --> Session: Class initialized using 'CodeIgniter\Session\Handlers\FileHandler' driver.
WARNING - 2026-05-19 08:09:16 --> [DEPRECATED] Creation of dynamic property App\Controllers\lokasi::$ModelLokasi is deprecated in APPPATH\Controllers\lokasi.php on line 11.
 1 SYSTEMPATH\CodeIgniter.php(906): App\Controllers\lokasi->__construct()
 2 SYSTEMPATH\CodeIgniter.php(490): CodeIgniter\CodeIgniter->createController()
 3 SYSTEMPATH\CodeIgniter.php(368): CodeIgniter\CodeIgniter->handleRequest(null, Object(Config\Cache), false)
 4 FCPATH\index.php(67): CodeIgniter\CodeIgniter->run()
INFO - 2026-05-19 08:09:16 --> Session: Class initialized using 'CodeIgniter\Session\Handlers\FileHandler' driver.
WARNING - 2026-05-19 08:09:43 --> [DEPRECATED] Creation of dynamic property App\Controllers\lokasi::$ModelLokasi is deprecated in APPPATH\Controllers\lokasi.php on line 11.
 1 SYSTEMPATH\CodeIgniter.php(906): App\Controllers\lokasi->__construct()
 2 SYSTEMPATH\CodeIgniter.php(490): CodeIgniter\CodeIgniter->createController()
 3 SYSTEMPATH\CodeIgniter.php(368): CodeIgniter\CodeIgniter->handleRequest(null, Object(Config\Cache), false)
 4 FCPATH\index.php(67): CodeIgniter\CodeIgniter->run()
INFO - 2026-05-19 08:09:43 --> Session: Class initialized using 'CodeIgniter\Session\Handlers\FileHandler' driver.
CRITICAL - 2026-05-19 08:09:43 --> Call to undefined function form_close()
in APPPATH\Views\lokasi\v_input_lokasi.php on line 47.
 1 SYSTEMPATH\View\View.php(213): include()
 2 SYSTEMPATH\View\View.php(216): CodeIgniter\View\View->CodeIgniter\View\{closure}()
 3 SYSTEMPATH\Common.php(1184): CodeIgniter\View\View->render('lokasi/v_input_lokasi', [], true)
 4 APPPATH\Views\v_template.php(153): view('lokasi/v_input_lokasi')
 5 SYSTEMPATH\View\View.php(213): include('APPPATH\\Views\\v_template.php')
 6 SYSTEMPATH\View\View.php(216): CodeIgniter\View\View->CodeIgniter\View\{closure}()
 7 SYSTEMPATH\Common.php(1184): CodeIgniter\View\View->render('V_template', [], true)
 8 APPPATH\Controllers\lokasi.php(29): view('V_template', [...])
 9 SYSTEMPATH\CodeIgniter.php(934): App\Controllers\lokasi->inputLokasi()
10 SYSTEMPATH\CodeIgniter.php(499): CodeIgniter\CodeIgniter->runController(Object(App\Controllers\lokasi))
11 SYSTEMPATH\CodeIgniter.php(368): CodeIgniter\CodeIgniter->handleRequest(null, Object(Config\Cache), false)
12 FCPATH\index.php(67): CodeIgniter\CodeIgniter->run()
WARNING - 2026-05-19 08:10:05 --> [DEPRECATED] Creation of dynamic property App\Controllers\lokasi::$ModelLokasi is deprecated in APPPATH\Controllers\lokasi.php on line 11.
 1 SYSTEMPATH\CodeIgniter.php(906): App\Controllers\lokasi->__construct()
 2 SYSTEMPATH\CodeIgniter.php(490): CodeIgniter\CodeIgniter->createController()
 3 SYSTEMPATH\CodeIgniter.php(368): CodeIgniter\CodeIgniter->handleRequest(null, Object(Config\Cache), false)
 4 FCPATH\index.php(67): CodeIgniter\CodeIgniter->run()
INFO - 2026-05-19 08:10:05 --> Session: Class initialized using 'CodeIgniter\Session\Handlers\FileHandler' driver.
WARNING - 2026-05-19 08:19:46 --> [DEPRECATED] Creation of dynamic property App\Controllers\lokasi::$ModelLokasi is deprecated in APPPATH\Controllers\lokasi.php on line 11.
 1 SYSTEMPATH\CodeIgniter.php(906): App\Controllers\lokasi->__construct()
 2 SYSTEMPATH\CodeIgniter.php(490): CodeIgniter\CodeIgniter->createController()
 3 SYSTEMPATH\CodeIgniter.php(368): CodeIgniter\CodeIgniter->handleRequest(null, Object(Config\Cache), false)
 4 FCPATH\index.php(67): CodeIgniter\CodeIgniter->run()
INFO - 2026-05-19 08:19:46 --> Session: Class initialized using 'CodeIgniter\Session\Handlers\FileHandler' driver.
CRITICAL - 2026-05-19 08:19:46 --> Call to undefined function validation_errors()
in APPPATH\Views\lokasi\v_input_lokasi.php on line 17.
 1 SYSTEMPATH\View\View.php(213): include()
 2 SYSTEMPATH\View\View.php(216): CodeIgniter\View\View->CodeIgniter\View\{closure}()
 3 SYSTEMPATH\Common.php(1184): CodeIgniter\View\View->render('lokasi/v_input_lokasi', [], true)
 4 APPPATH\Views\v_template.php(153): view('lokasi/v_input_lokasi')
 5 SYSTEMPATH\View\View.php(213): include('APPPATH\\Views\\v_template.php')
 6 SYSTEMPATH\View\View.php(216): CodeIgniter\View\View->CodeIgniter\View\{closure}()
 7 SYSTEMPATH\Common.php(1184): CodeIgniter\View\View->render('V_template', [], true)
 8 APPPATH\Controllers\lokasi.php(29): view('V_template', [...])
 9 SYSTEMPATH\CodeIgniter.php(934): App\Controllers\lokasi->inputLokasi()
10 SYSTEMPATH\CodeIgniter.php(499): CodeIgniter\CodeIgniter->runController(Object(App\Controllers\lokasi))
11 SYSTEMPATH\CodeIgniter.php(368): CodeIgniter\CodeIgniter->handleRequest(null, Object(Config\Cache), false)
12 FCPATH\index.php(67): CodeIgniter\CodeIgniter->run()
INFO - 2026-05-19 08:21:25 --> Session: Class initialized using 'CodeIgniter\Session\Handlers\FileHandler' driver.
CRITICAL - 2026-05-19 08:21:25 --> Call to undefined function validation_errors()
in APPPATH\Views\lokasi\v_input_lokasi.php on line 17.
 1 SYSTEMPATH\View\View.php(213): include()
 2 SYSTEMPATH\View\View.php(216): CodeIgniter\View\View->CodeIgniter\View\{closure}()
 3 SYSTEMPATH\Common.php(1184): CodeIgniter\View\View->render('lokasi/v_input_lokasi', [], true)
 4 APPPATH\Views\v_template.php(153): view('lokasi/v_input_lokasi')
 5 SYSTEMPATH\View\View.php(213): include('APPPATH\\Views\\v_template.php')
 6 SYSTEMPATH\View\View.php(216): CodeIgniter\View\View->CodeIgniter\View\{closure}()
 7 SYSTEMPATH\Common.php(1184): CodeIgniter\View\View->render('V_template', [], true)
 8 APPPATH\Controllers\lokasi.php(32): view('V_template', [...])
 9 SYSTEMPATH\CodeIgniter.php(934): App\Controllers\lokasi->inputLokasi()
10 SYSTEMPATH\CodeIgniter.php(499): CodeIgniter\CodeIgniter->runController(Object(App\Controllers\lokasi))
11 SYSTEMPATH\CodeIgniter.php(368): CodeIgniter\CodeIgniter->handleRequest(null, Object(Config\Cache), false)
12 FCPATH\index.php(67): CodeIgniter\CodeIgniter->run()
INFO - 2026-05-19 08:21:27 --> Session: Class initialized using 'CodeIgniter\Session\Handlers\FileHandler' driver.
CRITICAL - 2026-05-19 08:21:27 --> Call to undefined function validation_errors()
in APPPATH\Views\lokasi\v_input_lokasi.php on line 17.
 1 SYSTEMPATH\View\View.php(213): include()
 2 SYSTEMPATH\View\View.php(216): CodeIgniter\View\View->CodeIgniter\View\{closure}()
 3 SYSTEMPATH\Common.php(1184): CodeIgniter\View\View->render('lokasi/v_input_lokasi', [], true)
 4 APPPATH\Views\v_template.php(153): view('lokasi/v_input_lokasi')
 5 SYSTEMPATH\View\View.php(213): include('APPPATH\\Views\\v_template.php')
 6 SYSTEMPATH\View\View.php(216): CodeIgniter\View\View->CodeIgniter\View\{closure}()
 7 SYSTEMPATH\Common.php(1184): CodeIgniter\View\View->render('V_template', [], true)
 8 APPPATH\Controllers\lokasi.php(32): view('V_template', [...])
 9 SYSTEMPATH\CodeIgniter.php(934): App\Controllers\lokasi->inputLokasi()
10 SYSTEMPATH\CodeIgniter.php(499): CodeIgniter\CodeIgniter->runController(Object(App\Controllers\lokasi))
11 SYSTEMPATH\CodeIgniter.php(368): CodeIgniter\CodeIgniter->handleRequest(null, Object(Config\Cache), false)
12 FCPATH\index.php(67): CodeIgniter\CodeIgniter->run()
INFO - 2026-05-19 08:21:27 --> Session: Class initialized using 'CodeIgniter\Session\Handlers\FileHandler' driver.
CRITICAL - 2026-05-19 08:21:27 --> Call to undefined function validation_errors()
in APPPATH\Views\lokasi\v_input_lokasi.php on line 17.
 1 SYSTEMPATH\View\View.php(213): include()
 2 SYSTEMPATH\View\View.php(216): CodeIgniter\View\View->CodeIgniter\View\{closure}()
 3 SYSTEMPATH\Common.php(1184): CodeIgniter\View\View->render('lokasi/v_input_lokasi', [], true)
 4 APPPATH\Views\v_template.php(153): view('lokasi/v_input_lokasi')
 5 SYSTEMPATH\View\View.php(213): include('APPPATH\\Views\\v_template.php')
 6 SYSTEMPATH\View\View.php(216): CodeIgniter\View\View->CodeIgniter\View\{closure}()
 7 SYSTEMPATH\Common.php(1184): CodeIgniter\View\View->render('V_template', [], true)
 8 APPPATH\Controllers\lokasi.php(32): view('V_template', [...])
 9 SYSTEMPATH\CodeIgniter.php(934): App\Controllers\lokasi->inputLokasi()
10 SYSTEMPATH\CodeIgniter.php(499): CodeIgniter\CodeIgniter->runController(Object(App\Controllers\lokasi))
11 SYSTEMPATH\CodeIgniter.php(368): CodeIgniter\CodeIgniter->handleRequest(null, Object(Config\Cache), false)
12 FCPATH\index.php(67): CodeIgniter\CodeIgniter->run()
INFO - 2026-05-19 08:21:27 --> Session: Class initialized using 'CodeIgniter\Session\Handlers\FileHandler' driver.
CRITICAL - 2026-05-19 08:21:27 --> Call to undefined function validation_errors()
in APPPATH\Views\lokasi\v_input_lokasi.php on line 17.
 1 SYSTEMPATH\View\View.php(213): include()
 2 SYSTEMPATH\View\View.php(216): CodeIgniter\View\View->CodeIgniter\View\{closure}()
 3 SYSTEMPATH\Common.php(1184): CodeIgniter\View\View->render('lokasi/v_input_lokasi', [], true)
 4 APPPATH\Views\v_template.php(153): view('lokasi/v_input_lokasi')
 5 SYSTEMPATH\View\View.php(213): include('APPPATH\\Views\\v_template.php')
 6 SYSTEMPATH\View\View.php(216): CodeIgniter\View\View->CodeIgniter\View\{closure}()
 7 SYSTEMPATH\Common.php(1184): CodeIgniter\View\View->render('V_template', [], true)
 8 APPPATH\Controllers\lokasi.php(32): view('V_template', [...])
 9 SYSTEMPATH\CodeIgniter.php(934): App\Controllers\lokasi->inputLokasi()
10 SYSTEMPATH\CodeIgniter.php(499): CodeIgniter\CodeIgniter->runController(Object(App\Controllers\lokasi))
11 SYSTEMPATH\CodeIgniter.php(368): CodeIgniter\CodeIgniter->handleRequest(null, Object(Config\Cache), false)
12 FCPATH\index.php(67): CodeIgniter\CodeIgniter->run()
INFO - 2026-05-19 08:21:27 --> Session: Class initialized using 'CodeIgniter\Session\Handlers\FileHandler' driver.
CRITICAL - 2026-05-19 08:21:28 --> Call to undefined function validation_errors()
in APPPATH\Views\lokasi\v_input_lokasi.php on line 17.
 1 SYSTEMPATH\View\View.php(213): include()
 2 SYSTEMPATH\View\View.php(216): CodeIgniter\View\View->CodeIgniter\View\{closure}()
 3 SYSTEMPATH\Common.php(1184): CodeIgniter\View\View->render('lokasi/v_input_lokasi', [], true)
 4 APPPATH\Views\v_template.php(153): view('lokasi/v_input_lokasi')
 5 SYSTEMPATH\View\View.php(213): include('APPPATH\\Views\\v_template.php')
 6 SYSTEMPATH\View\View.php(216): CodeIgniter\View\View->CodeIgniter\View\{closure}()
 7 SYSTEMPATH\Common.php(1184): CodeIgniter\View\View->render('V_template', [], true)
 8 APPPATH\Controllers\lokasi.php(32): view('V_template', [...])
 9 SYSTEMPATH\CodeIgniter.php(934): App\Controllers\lokasi->inputLokasi()
10 SYSTEMPATH\CodeIgniter.php(499): CodeIgniter\CodeIgniter->runController(Object(App\Controllers\lokasi))
11 SYSTEMPATH\CodeIgniter.php(368): CodeIgniter\CodeIgniter->handleRequest(null, Object(Config\Cache), false)
12 FCPATH\index.php(67): CodeIgniter\CodeIgniter->run()
INFO - 2026-05-19 08:21:44 --> Session: Class initialized using 'CodeIgniter\Session\Handlers\FileHandler' driver.
CRITICAL - 2026-05-19 08:21:45 --> Call to undefined function form_open_multipart()
in APPPATH\Views\lokasi\v_input_lokasi.php on line 24.
 1 SYSTEMPATH\View\View.php(213): include()
 2 SYSTEMPATH\View\View.php(216): CodeIgniter\View\View->CodeIgniter\View\{closure}()
 3 SYSTEMPATH\Common.php(1184): CodeIgniter\View\View->render('lokasi/v_input_lokasi', [], true)
 4 APPPATH\Views\v_template.php(153): view('lokasi/v_input_lokasi')
 5 SYSTEMPATH\View\View.php(213): include('APPPATH\\Views\\v_template.php')
 6 SYSTEMPATH\View\View.php(216): CodeIgniter\View\View->CodeIgniter\View\{closure}()
 7 SYSTEMPATH\Common.php(1184): CodeIgniter\View\View->render('V_template', [], true)
 8 APPPATH\Controllers\lokasi.php(32): view('V_template', [...])
 9 SYSTEMPATH\CodeIgniter.php(934): App\Controllers\lokasi->inputLokasi()
10 SYSTEMPATH\CodeIgniter.php(499): CodeIgniter\CodeIgniter->runController(Object(App\Controllers\lokasi))
11 SYSTEMPATH\CodeIgniter.php(368): CodeIgniter\CodeIgniter->handleRequest(null, Object(Config\Cache), false)
12 FCPATH\index.php(67): CodeIgniter\CodeIgniter->run()
INFO - 2026-05-19 08:22:08 --> Session: Class initialized using 'CodeIgniter\Session\Handlers\FileHandler' driver.
CRITICAL - 2026-05-19 08:22:08 --> Call to undefined function form_open_multipart()
in APPPATH\Views\lokasi\v_input_lokasi.php on line 24.
 1 SYSTEMPATH\View\View.php(213): include()
 2 SYSTEMPATH\View\View.php(216): CodeIgniter\View\View->CodeIgniter\View\{closure}()
 3 SYSTEMPATH\Common.php(1184): CodeIgniter\View\View->render('lokasi/v_input_lokasi', [], true)
 4 APPPATH\Views\v_template.php(153): view('lokasi/v_input_lokasi')
 5 SYSTEMPATH\View\View.php(213): include('APPPATH\\Views\\v_template.php')
 6 SYSTEMPATH\View\View.php(216): CodeIgniter\View\View->CodeIgniter\View\{closure}()
 7 SYSTEMPATH\Common.php(1184): CodeIgniter\View\View->render('V_template', [], true)
 8 APPPATH\Controllers\lokasi.php(32): view('V_template', [...])
 9 SYSTEMPATH\CodeIgniter.php(934): App\Controllers\lokasi->inputLokasi()
10 SYSTEMPATH\CodeIgniter.php(499): CodeIgniter\CodeIgniter->runController(Object(App\Controllers\lokasi))
11 SYSTEMPATH\CodeIgniter.php(368): CodeIgniter\CodeIgniter->handleRequest(null, Object(Config\Cache), false)
12 FCPATH\index.php(67): CodeIgniter\CodeIgniter->run()
INFO - 2026-05-19 08:22:40 --> Session: Class initialized using 'CodeIgniter\Session\Handlers\FileHandler' driver.
INFO - 2026-05-19 08:22:48 --> Session: Class initialized using 'CodeIgniter\Session\Handlers\FileHandler' driver.
INFO - 2026-05-19 08:22:49 --> Session: Class initialized using 'CodeIgniter\Session\Handlers\FileHandler' driver.
INFO - 2026-05-19 08:23:01 --> Session: Class initialized using 'CodeIgniter\Session\Handlers\FileHandler' driver.
INFO - 2026-05-19 08:23:02 --> Session: Class initialized using 'CodeIgniter\Session\Handlers\FileHandler' driver.
INFO - 2026-05-19 08:23:26 --> Session: Class initialized using 'CodeIgniter\Session\Handlers\FileHandler' driver.
INFO - 2026-05-19 08:30:03 --> Session: Class initialized using 'CodeIgniter\Session\Handlers\FileHandler' driver.
INFO - 2026-05-19 08:30:10 --> Session: Class initialized using 'CodeIgniter\Session\Handlers\FileHandler' driver.
INFO - 2026-05-19 08:30:11 --> Session: Class initialized using 'CodeIgniter\Session\Handlers\FileHandler' driver.
INFO - 2026-05-19 08:30:16 --> Session: Class initialized using 'CodeIgniter\Session\Handlers\FileHandler' driver.
WARNING - 2026-05-19 08:37:22 --> [DEPRECATED] Creation of dynamic property App\Controllers\Lokasi::$ModelLokasi is deprecated in APPPATH\Controllers\lokasi.php on line 11.
 1 SYSTEMPATH\CodeIgniter.php(906): App\Controllers\Lokasi->__construct()
 2 SYSTEMPATH\CodeIgniter.php(490): CodeIgniter\CodeIgniter->createController()
 3 SYSTEMPATH\CodeIgniter.php(368): CodeIgniter\CodeIgniter->handleRequest(null, Object(Config\Cache), false)
 4 FCPATH\index.php(67): CodeIgniter\CodeIgniter->run()
INFO - 2026-05-19 08:37:22 --> Session: Class initialized using 'CodeIgniter\Session\Handlers\FileHandler' driver.
WARNING - 2026-05-19 08:37:30 --> [DEPRECATED] Creation of dynamic property App\Controllers\Lokasi::$ModelLokasi is deprecated in APPPATH\Controllers\lokasi.php on line 11.
 1 SYSTEMPATH\CodeIgniter.php(906): App\Controllers\Lokasi->__construct()
 2 SYSTEMPATH\CodeIgniter.php(490): CodeIgniter\CodeIgniter->createController()
 3 SYSTEMPATH\CodeIgniter.php(368): CodeIgniter\CodeIgniter->handleRequest(null, Object(Config\Cache), false)
 4 FCPATH\index.php(67): CodeIgniter\CodeIgniter->run()
WARNING - 2026-05-19 08:37:44 --> [DEPRECATED] Creation of dynamic property App\Controllers\Lokasi::$ModelLokasi is deprecated in APPPATH\Controllers\lokasi.php on line 11.
 1 SYSTEMPATH\CodeIgniter.php(906): App\Controllers\Lokasi->__construct()
 2 SYSTEMPATH\CodeIgniter.php(490): CodeIgniter\CodeIgniter->createController()
 3 SYSTEMPATH\CodeIgniter.php(368): CodeIgniter\CodeIgniter->handleRequest(null, Object(Config\Cache), false)
 4 FCPATH\index.php(67): CodeIgniter\CodeIgniter->run()
WARNING - 2026-05-19 08:37:45 --> [DEPRECATED] Creation of dynamic property App\Controllers\Lokasi::$ModelLokasi is deprecated in APPPATH\Controllers\lokasi.php on line 11.
 1 SYSTEMPATH\CodeIgniter.php(906): App\Controllers\Lokasi->__construct()
 2 SYSTEMPATH\CodeIgniter.php(490): CodeIgniter\CodeIgniter->createController()
 3 SYSTEMPATH\CodeIgniter.php(368): CodeIgniter\CodeIgniter->handleRequest(null, Object(Config\Cache), false)
 4 FCPATH\index.php(67): CodeIgniter\CodeIgniter->run()
INFO - 2026-05-19 08:37:45 --> Session: Class initialized using 'CodeIgniter\Session\Handlers\FileHandler' driver.
WARNING - 2026-05-19 08:37:46 --> [DEPRECATED] Creation of dynamic property App\Controllers\Lokasi::$ModelLokasi is deprecated in APPPATH\Controllers\lokasi.php on line 11.
 1 SYSTEMPATH\CodeIgniter.php(906): App\Controllers\Lokasi->__construct()
 2 SYSTEMPATH\CodeIgniter.php(490): CodeIgniter\CodeIgniter->createController()
 3 SYSTEMPATH\CodeIgniter.php(368): CodeIgniter\CodeIgniter->handleRequest(null, Object(Config\Cache), false)
 4 FCPATH\index.php(67): CodeIgniter\CodeIgniter->run()
INFO - 2026-05-19 08:37:46 --> Session: Class initialized using 'CodeIgniter\Session\Handlers\FileHandler' driver.
WARNING - 2026-05-19 08:37:47 --> [DEPRECATED] Creation of dynamic property App\Controllers\Lokasi::$ModelLokasi is deprecated in APPPATH\Controllers\lokasi.php on line 11.
 1 SYSTEMPATH\CodeIgniter.php(906): App\Controllers\Lokasi->__construct()
 2 SYSTEMPATH\CodeIgniter.php(490): CodeIgniter\CodeIgniter->createController()
 3 SYSTEMPATH\CodeIgniter.php(368): CodeIgniter\CodeIgniter->handleRequest(null, Object(Config\Cache), false)
 4 FCPATH\index.php(67): CodeIgniter\CodeIgniter->run()
INFO - 2026-05-19 08:37:47 --> Session: Class initialized using 'CodeIgniter\Session\Handlers\FileHandler' driver.
WARNING - 2026-05-19 08:37:47 --> [DEPRECATED] Creation of dynamic property App\Controllers\Lokasi::$ModelLokasi is deprecated in APPPATH\Controllers\lokasi.php on line 11.
 1 SYSTEMPATH\CodeIgniter.php(906): App\Controllers\Lokasi->__construct()
 2 SYSTEMPATH\CodeIgniter.php(490): CodeIgniter\CodeIgniter->createController()
 3 SYSTEMPATH\CodeIgniter.php(368): CodeIgniter\CodeIgniter->handleRequest(null, Object(Config\Cache), false)
 4 FCPATH\index.php(67): CodeIgniter\CodeIgniter->run()
INFO - 2026-05-19 08:37:47 --> Session: Class initialized using 'CodeIgniter\Session\Handlers\FileHandler' driver.
WARNING - 2026-05-19 08:37:47 --> [DEPRECATED] Creation of dynamic property App\Controllers\Lokasi::$ModelLokasi is deprecated in APPPATH\Controllers\lokasi.php on line 11.
 1 SYSTEMPATH\CodeIgniter.php(906): App\Controllers\Lokasi->__construct()
 2 SYSTEMPATH\CodeIgniter.php(490): CodeIgniter\CodeIgniter->createController()
 3 SYSTEMPATH\CodeIgniter.php(368): CodeIgniter\CodeIgniter->handleRequest(null, Object(Config\Cache), false)
 4 FCPATH\index.php(67): CodeIgniter\CodeIgniter->run()
INFO - 2026-05-19 08:37:47 --> Session: Class initialized using 'CodeIgniter\Session\Handlers\FileHandler' driver.
WARNING - 2026-05-19 08:38:40 --> [DEPRECATED] Creation of dynamic property App\Controllers\Lokasi::$ModelLokasi is deprecated in APPPATH\Controllers\lokasi.php on line 11.
 1 SYSTEMPATH\CodeIgniter.php(906): App\Controllers\Lokasi->__construct()
 2 SYSTEMPATH\CodeIgniter.php(490): CodeIgniter\CodeIgniter->createController()
 3 SYSTEMPATH\CodeIgniter.php(368): CodeIgniter\CodeIgniter->handleRequest(null, Object(Config\Cache), false)
 4 FCPATH\index.php(67): CodeIgniter\CodeIgniter->run()
INFO - 2026-05-19 08:38:40 --> Session: Class initialized using 'CodeIgniter\Session\Handlers\FileHandler' driver.
WARNING - 2026-05-19 08:38:40 --> [DEPRECATED] Creation of dynamic property App\Controllers\Lokasi::$ModelLokasi is deprecated in APPPATH\Controllers\lokasi.php on line 11.
 1 SYSTEMPATH\CodeIgniter.php(906): App\Controllers\Lokasi->__construct()
 2 SYSTEMPATH\CodeIgniter.php(490): CodeIgniter\CodeIgniter->createController()
 3 SYSTEMPATH\CodeIgniter.php(368): CodeIgniter\CodeIgniter->handleRequest(null, Object(Config\Cache), false)
 4 FCPATH\index.php(67): CodeIgniter\CodeIgniter->run()
INFO - 2026-05-19 08:38:40 --> Session: Class initialized using 'CodeIgniter\Session\Handlers\FileHandler' driver.
WARNING - 2026-05-19 08:47:02 --> [DEPRECATED] Creation of dynamic property App\Controllers\Lokasi::$ModelLokasi is deprecated in APPPATH\Controllers\lokasi.php on line 11.
 1 SYSTEMPATH\CodeIgniter.php(906): App\Controllers\Lokasi->__construct()
 2 SYSTEMPATH\CodeIgniter.php(490): CodeIgniter\CodeIgniter->createController()
 3 SYSTEMPATH\CodeIgniter.php(368): CodeIgniter\CodeIgniter->handleRequest(null, Object(Config\Cache), false)
 4 FCPATH\index.php(67): CodeIgniter\CodeIgniter->run()
INFO - 2026-05-19 08:47:02 --> Session: Class initialized using 'CodeIgniter\Session\Handlers\FileHandler' driver.
WARNING - 2026-05-19 08:49:53 --> [DEPRECATED] Creation of dynamic property App\Controllers\Lokasi::$ModelLokasi is deprecated in APPPATH\Controllers\lokasi.php on line 11.
 1 SYSTEMPATH\CodeIgniter.php(906): App\Controllers\Lokasi->__construct()
 2 SYSTEMPATH\CodeIgniter.php(490): CodeIgniter\CodeIgniter->createController()
 3 SYSTEMPATH\CodeIgniter.php(368): CodeIgniter\CodeIgniter->handleRequest(null, Object(Config\Cache), false)
 4 FCPATH\index.php(67): CodeIgniter\CodeIgniter->run()
INFO - 2026-05-19 08:49:53 --> Session: Class initialized using 'CodeIgniter\Session\Handlers\FileHandler' driver.
WARNING - 2026-05-19 08:50:38 --> [DEPRECATED] Creation of dynamic property App\Controllers\Lokasi::$ModelLokasi is deprecated in APPPATH\Controllers\lokasi.php on line 11.
 1 SYSTEMPATH\CodeIgniter.php(906): App\Controllers\Lokasi->__construct()
 2 SYSTEMPATH\CodeIgniter.php(490): CodeIgniter\CodeIgniter->createController()
 3 SYSTEMPATH\CodeIgniter.php(368): CodeIgniter\CodeIgniter->handleRequest(null, Object(Config\Cache), false)
 4 FCPATH\index.php(67): CodeIgniter\CodeIgniter->run()
INFO - 2026-05-19 08:50:38 --> Session: Class initialized using 'CodeIgniter\Session\Handlers\FileHandler' driver.
WARNING - 2026-05-19 08:51:16 --> [DEPRECATED] Creation of dynamic property App\Controllers\Lokasi::$ModelLokasi is deprecated in APPPATH\Controllers\lokasi.php on line 11.
 1 SYSTEMPATH\CodeIgniter.php(906): App\Controllers\Lokasi->__construct()
 2 SYSTEMPATH\CodeIgniter.php(490): CodeIgniter\CodeIgniter->createController()
 3 SYSTEMPATH\CodeIgniter.php(368): CodeIgniter\CodeIgniter->handleRequest(null, Object(Config\Cache), false)
 4 FCPATH\index.php(67): CodeIgniter\CodeIgniter->run()
INFO - 2026-05-19 08:51:16 --> Session: Class initialized using 'CodeIgniter\Session\Handlers\FileHandler' driver.
